-------------------------------------------------------------------------------
Test set: com.codewave.reservas.GestorReservasTest
-------------------------------------------------------------------------------
Tests run: 3, Failures: 0, Errors: 3, Skipped: 0, Time elapsed: 0.066 s <<< FAILURE! -- in com.codewave.reservas.GestorReservasTest
com.codewave.reservas.GestorReservasTest.debeCrearReservaSiHorarioLibre -- Time elapsed: 0.009 s <<< ERROR!
java.lang.Error: 
Unresolved compilation problems: 
	The type GestorReservas is not visible
	The type GestorReservas is not visible
	The type GestorReservas is not visible
	The type GestorReservas is not visible
	The type GestorReservas is not visible

	at com.codewave.reservas.GestorReservasTest.<init>(GestorReservasTest.java:17)
	at java.base/java.lang.reflect.Constructor.newInstanceWithCaller(Constructor.java:499)
	at java.base/java.lang.reflect.Constructor.newInstance(Constructor.java:483)
	at java.base/java.util.Optional.orElseGet(Optional.java:364)
	at java.base/java.util.ArrayList.forEach(ArrayList.java:1604)
	at java.base/java.util.ArrayList.forEach(ArrayList.java:1604)

com.codewave.reservas.GestorReservasTest.debeContarReservasPorDia -- Time elapsed: 0.002 s <<< ERROR!
java.lang.Error: 
Unresolved compilation problems: 
	The type GestorReservas is not visible
	The type GestorReservas is not visible
	The type GestorReservas is not visible
	The type GestorReservas is not visible
	The type GestorReservas is not visible

	at com.codewave.reservas.GestorReservasTest.<init>(GestorReservasTest.java:17)
	at java.base/java.lang.reflect.Constructor.newInstanceWithCaller(Constructor.java:499)
	at java.base/java.lang.reflect.Constructor.newInstance(Constructor.java:483)
	at java.base/java.util.Optional.orElseGet(Optional.java:364)
	at java.base/java.util.ArrayList.forEach(ArrayList.java:1604)
	at java.base/java.util.ArrayList.forEach(ArrayList.java:1604)

com.codewave.reservas.GestorReservasTest.debeLanzarExcepcionSiHorarioOcupado -- Time elapsed: 0.001 s <<< ERROR!
java.lang.Error: 
Unresolved compilation problems: 
	The type GestorReservas is not visible
	The type GestorReservas is not visible
	The type GestorReservas is not visible
	The type GestorReservas is not visible
	The type GestorReservas is not visible

	at com.codewave.reservas.GestorReservasTest.<init>(GestorReservasTest.java:17)
	at java.base/java.lang.reflect.Constructor.newInstanceWithCaller(Constructor.java:499)
	at java.base/java.lang.reflect.Constructor.newInstance(Constructor.java:483)
	at java.base/java.util.Optional.orElseGet(Optional.java:364)
	at java.base/java.util.ArrayList.forEach(ArrayList.java:1604)
	at java.base/java.util.ArrayList.forEach(ArrayList.java:1604)

